TN:
SF:/workspaces/pskel_test/ext/colopl_timeshifter.c
FN:48,get_shift_interval
FN:57,set_is_hooked
FN:67,get_is_hooked
FN:74,zif_Colopl_ColoplTimeShifter_register_hook
FN:98,zif_Colopl_ColoplTimeShifter_unregister_hook
FN:103,zif_Colopl_ColoplTimeShifter_is_hooked
FN:108,zm_startup_colopl_timeshifter
FN:129,zm_shutdown_colopl_timeshifter
FN:140,zm_activate_colopl_timeshifter
FN:152,zm_deactivate_colopl_timeshifter
FN:164,zm_info_colopl_timeshifter
FN:171,zm_globals_ctor_colopl_timeshifter
FN:185,zm_globals_dtor_colopl_timeshifter
FN:211,get_module
FNDA:30,zm_globals_dtor_colopl_timeshifter
FNDA:0,zm_info_colopl_timeshifter
FNDA:145,get_is_hooked
FNDA:4,zif_Colopl_ColoplTimeShifter_is_hooked
FNDA:30,zm_activate_colopl_timeshifter
FNDA:25,zif_Colopl_ColoplTimeShifter_register_hook
FNDA:30,zm_globals_ctor_colopl_timeshifter
FNDA:30,zm_startup_colopl_timeshifter
FNDA:1,zif_Colopl_ColoplTimeShifter_unregister_hook
FNDA:54,get_shift_interval
FNDA:30,get_module
FNDA:30,zm_shutdown_colopl_timeshifter
FNDA:30,zm_deactivate_colopl_timeshifter
FNDA:1,set_is_hooked
FNF:14
FNH:13
DA:48,54
DA:51,54
DA:52,54
DA:53,54
DA:55,54
DA:57,1
DA:60,1
DA:61,1
DA:62,1
DA:63,1
DA:65,1
DA:67,145
DA:70,145
DA:71,145
DA:74,25
DA:79,25
DA:80,25
DA:81,25
DA:84,25
DA:85,25
DA:86,25
DA:87,25
DA:88,0
DA:91,25
DA:92,24
DA:95,25
DA:98,1
DA:100,1
DA:101,1
DA:103,4
DA:105,4
DA:108,30
DA:110,30
DA:112,30
DA:113,30
DA:116,30
DA:117,0
DA:120,30
DA:121,0
DA:124,30
DA:126,30
DA:129,30
DA:131,30
DA:133,30
DA:134,0
DA:137,30
DA:140,30
DA:143,30
DA:146,30
DA:147,30
DA:149,30
DA:152,30
DA:154,30
DA:155,0
DA:156,0
DA:157,0
DA:161,30
DA:164,0
DA:166,0
DA:167,0
DA:168,0
DA:169,0
DA:171,30
DA:176,30
DA:179,30
DA:180,30
DA:181,30
DA:182,30
DA:183,30
DA:185,30
DA:187,30
DA:188,30
DA:211,30
LF:73
LH:61
end_of_record
TN:
SF:/workspaces/pskel_test/ext/hook.c
FN:35,apply_interval
FN:216,is_fixed_time_str
FN:252,get_current_timelib_time
FN:261,get_shifted_timelib_time
FN:272,get_shifted_time
FN:284,pdo_time_apply
FN:301,hook_pdo_driver_preparer
FN:314,hook_pdo_driver_doer
FN:323,hook_pdo_con
FN:355,mktime_common
FN:405,date_common
FN:424,date_create_common
FN:458,hook_dt_con
FN:460,hook_dti_con
FN:462,hook_time
FN:470,hook_mktime
FN:478,hook_gmmktime
FN:486,hook_date_create
FN:493,hook_date_create_immutable
FN:500,hook_date_create_from_format
FN:502,hook_date_create_immutable_from_format
FN:504,hook_dt_createfromformat
FN:506,hook_dti_createfromformat
FN:508,hook_date
FN:515,hook_gmdate
FN:522,hook_idate
FN:547,hook_getdate
FN:569,hook_localtime
FN:589,hook_strtotime
FN:634,gettimeofday_common
FN:679,hook_microtime
FN:686,hook_gettimeofday
FN:694,register_hooks
FN:730,register_pdo_hook
FN:736,unregister_hooks
FN:772,apply_request_time_hook
FNDA:4,gettimeofday_common
FNDA:9,hook_strtotime
FNDA:0,pdo_time_apply
FNDA:45,hook_dt_con
FNDA:0,hook_pdo_driver_doer
FNDA:10,get_shifted_time
FNDA:4,hook_dti_createfromformat
FNDA:4,date_create_common
FNDA:24,apply_request_time_hook
FNDA:2,hook_idate
FNDA:4,hook_date_create_immutable_from_format
FNDA:3,hook_localtime
FNDA:30,register_pdo_hook
FNDA:4,hook_time
FNDA:2,hook_gmmktime
FNDA:0,hook_pdo_con
FNDA:2,mktime_common
FNDA:4,hook_date_create
FNDA:4,hook_dti_con
FNDA:30,unregister_hooks
FNDA:4,hook_date_create_immutable
FNDA:2,hook_gmdate
FNDA:4,hook_microtime
FNDA:4,hook_dt_createfromformat
FNDA:30,register_hooks
FNDA:2,hook_getdate
FNDA:4,hook_date
FNDA:26,get_current_timelib_time
FNDA:3,date_common
FNDA:18,get_shifted_timelib_time
FNDA:4,hook_gettimeofday
FNDA:0,hook_pdo_driver_preparer
FNDA:44,is_fixed_time_str
FNDA:2,hook_mktime
FNDA:4,hook_date_create_from_format
FNDA:54,apply_interval
FNF:36
FNH:32
DA:35,54
DA:37,54
DA:38,54
DA:39,54
DA:40,54
DA:216,44
DA:220,44
DA:223,44
DA:224,44
DA:225,44
DA:231,44
DA:233,44
DA:234,44
DA:235,44
DA:237,88
DA:238,44
DA:239,44
DA:240,44
DA:241,44
DA:242,44
DA:243,88
DA:246,44
DA:247,44
DA:249,44
DA:252,26
DA:254,26
DA:256,26
DA:258,26
DA:261,18
DA:263,18
DA:266,18
DA:267,18
DA:269,18
DA:272,10
DA:275,10
DA:277,10
DA:279,10
DA:281,10
DA:284,0
DA:289,0
DA:290,0
DA:293,0
DA:294,0
DA:295,0
DA:296,0
DA:298,0
DA:301,0
DA:305,0
DA:306,0
DA:309,0
DA:311,0
DA:314,0
DA:316,0
DA:317,0
DA:320,0
DA:323,0
DA:325,0
DA:327,0
DA:329,0
DA:331,0
DA:332,0
DA:333,0
DA:335,0
DA:337,0
DA:338,0
DA:342,0
DA:343,0
DA:346,0
DA:347,0
DA:351,0
DA:355,2
DA:358,2
DA:359,2
DA:362,2
DA:363,2
DA:364,2
DA:366,2
DA:367,2
DA:368,2
DA:369,2
DA:370,0
DA:371,0
DA:372,0
DA:373,0
DA:374,2
DA:376,2
DA:377,0
DA:380,2
DA:381,0
DA:384,2
DA:385,0
DA:388,2
DA:389,0
DA:392,2
DA:393,0
DA:394,0
DA:395,0
DA:396,0
DA:398,0
DA:401,2
DA:402,2
DA:405,3
DA:409,3
DA:411,3
DA:412,3
DA:413,3
DA:414,3
DA:415,3
DA:417,3
DA:418,2
DA:421,3
DA:424,4
DA:426,4
DA:427,4
DA:428,4
DA:431,4
DA:432,4
DA:433,4
DA:434,2
DA:435,6
DA:437,4
DA:438,6
DA:440,4
DA:441,4
DA:446,0
DA:447,0
DA:450,4
DA:451,2
DA:454,2
DA:455,2
DA:458,45
DA:460,4
DA:462,4
DA:464,4
DA:466,2
DA:467,2
DA:470,2
DA:472,2
DA:474,1
DA:475,1
DA:478,2
DA:480,2
DA:482,1
DA:483,1
DA:486,4
DA:488,4
DA:490,2
DA:493,4
DA:495,4
DA:497,2
DA:500,4
DA:502,4
DA:504,4
DA:506,4
DA:508,4
DA:510,4
DA:512,2
DA:515,2
DA:517,2
DA:519,1
DA:522,2
DA:524,2
DA:528,1
DA:530,1
DA:531,0
DA:534,1
DA:535,1
DA:536,1
DA:537,1
DA:538,1
DA:540,1
DA:541,1
DA:544,1
DA:547,2
DA:549,2
DA:552,1
DA:554,1
DA:555,1
DA:556,1
DA:557,1
DA:559,1
DA:560,0
DA:565,1
DA:566,1
DA:569,3
DA:571,3
DA:574,1
DA:576,1
DA:577,1
DA:578,1
DA:579,0
DA:580,1
DA:584,1
DA:585,1
DA:586,1
DA:589,9
DA:591,14
DA:595,5
DA:597,5
DA:598,5
DA:599,5
DA:600,5
DA:601,5
DA:604,5
DA:605,5
DA:606,3
DA:607,3
DA:609,2
DA:611,2
DA:612,2
DA:613,2
DA:617,0
DA:618,0
DA:619,0
DA:620,0
DA:621,0
DA:624,0
DA:626,0
DA:627,0
DA:628,0
DA:629,0
DA:630,0
DA:634,4
DA:636,4
DA:637,4
DA:638,4
DA:641,4
DA:642,4
DA:643,4
DA:644,4
DA:646,4
DA:647,0
DA:650,4
DA:651,4
DA:652,4
DA:653,4
DA:655,4
DA:656,2
DA:658,2
DA:661,1
DA:663,1
DA:664,1
DA:665,1
DA:667,1
DA:668,1
DA:670,1
DA:672,1
DA:676,4
DA:679,4
DA:681,4
DA:683,2
DA:686,4
DA:688,4
DA:690,2
DA:694,30
DA:697,30
DA:700,30
DA:703,30
DA:706,30
DA:708,30
DA:709,30
DA:710,30
DA:711,30
DA:712,30
DA:713,30
DA:714,30
DA:715,30
DA:716,30
DA:717,30
DA:718,30
DA:719,30
DA:720,30
DA:723,30
DA:724,30
DA:727,30
DA:730,30
DA:733,30
DA:734,30
DA:736,30
DA:739,30
DA:742,30
DA:745,30
DA:748,30
DA:750,30
DA:751,30
DA:752,30
DA:753,30
DA:754,30
DA:755,30
DA:756,30
DA:757,30
DA:758,30
DA:759,30
DA:760,30
DA:761,30
DA:762,30
DA:765,30
DA:766,30
DA:769,30
DA:772,24
DA:778,24
DA:780,24
DA:782,0
DA:785,24
DA:786,24
DA:789,24
DA:790,23
DA:791,23
DA:792,0
DA:793,0
DA:796,0
DA:800,24
DA:801,24
DA:802,24
DA:804,24
DA:805,24
DA:806,24
DA:807,24
DA:808,0
DA:809,0
DA:810,0
DA:813,0
DA:817,24
DA:818,24
DA:820,24
DA:821,24
DA:824,24
DA:825,24
DA:828,24
LF:329
LH:259
end_of_record
TN:
SF:/workspaces/pskel_test/ext/shared_memory.c
FN:22,sm_init
FN:36,sm_read
FN:40,sm_write
FN:58,sm_free
FNDA:255,sm_read
FNDA:30,sm_free
FNDA:30,sm_init
FNDA:56,sm_write
FNF:4
FNH:4
DA:22,30
DA:23,30
DA:25,30
DA:26,0
DA:29,30
DA:30,0
DA:33,30
DA:36,255
DA:37,255
DA:38,255
DA:40,56
DA:41,56
DA:42,0
DA:45,56
DA:46,0
DA:49,56
DA:51,56
DA:52,0
DA:55,56
DA:58,30
DA:59,30
DA:60,0
DA:63,30
DA:64,0
DA:67,30
DA:68,0
DA:71,30
LF:27
LH:19
end_of_record
